2024-11-16 16:44:26,282 - INFO - 开始处理: 屏幕截图 2024-11-16 164403.png
2024-11-16 16:44:26,296 - ERROR - 无法加载图像: C:\Users\TerLa\AppData\Local\Temp\tmpmvwwm0it\屏幕截图 2024-11-16 164403.png
2024-11-16 16:44:26,297 - ERROR - 二色化失败: 屏幕截图 2024-11-16 164403.png
2024-11-16 16:46:41,714 - INFO - 开始处理: uu.png
2024-11-16 16:46:41,724 - ERROR - Potrace未安装或未添加到系统PATH中。
2024-11-16 16:46:41,725 - ERROR - SVG转换失败: uu.png
2024-11-16 16:53:13,540 - INFO - 开始处理: uu.png
2024-11-16 16:53:13,556 - ERROR - Potrace转换失败: D:\project\SVG webui\image_to_svg_project\processed_images\smoothed_uu.png，错误: Command '['D:\\project\\SVG webui\\image_to_svg_project\\potrace.exe', 'D:\\project\\SVG webui\\image_to_svg_project\\processed_images\\smoothed_uu.png', '-s', '-o', 'D:\\project\\SVG webui\\image_to_svg_project\\output_svgs\\uu.svg']' returned non-zero exit status 2.
2024-11-16 16:53:13,560 - ERROR - SVG转换失败: uu.png
2024-11-16 16:58:07,650 - INFO - 开始处理: uu.png
2024-11-16 16:58:07,679 - INFO - 成功生成SVG: D:\project\SVG webui\image_to_svg_project\output_svgs\uu.svg
2024-11-16 16:59:05,496 - INFO - 开始处理: uu.png
2024-11-16 16:59:05,522 - INFO - 成功生成SVG: D:\project\SVG webui\image_to_svg_project\output_svgs\uu.svg
2024-11-16 16:59:31,523 - INFO - 开始处理: uu.png
2024-11-16 16:59:31,537 - INFO - 成功生成SVG: D:\project\SVG webui\image_to_svg_project\output_svgs\uu.svg
2024-11-16 16:59:42,548 - INFO - 开始处理: uu.png
2024-11-16 16:59:42,564 - INFO - 成功生成SVG: D:\project\SVG webui\image_to_svg_project\output_svgs\uu.svg
2024-11-16 16:59:52,469 - INFO - 开始处理: uu.png
2024-11-16 16:59:52,483 - INFO - 成功生成SVG: D:\project\SVG webui\image_to_svg_project\output_svgs\uu.svg
2024-11-16 17:07:20,344 - INFO - 开始处理: uu.png
2024-11-16 17:07:20,368 - INFO - 成功生成SVG: D:\project\SVG webui\image_to_svg_project\output_svgs\uu.svg
2024-11-16 17:07:29,264 - INFO - 开始处理: uu.png
2024-11-16 17:07:29,289 - INFO - 成功生成SVG: D:\project\SVG webui\image_to_svg_project\output_svgs\uu.svg
2024-11-16 17:07:42,130 - INFO - 开始处理: uu.png
2024-11-16 17:07:42,159 - INFO - 成功生成SVG: D:\project\SVG webui\image_to_svg_project\output_svgs\uu.svg
2024-11-16 17:07:53,796 - INFO - 开始处理: uu.png
2024-11-16 17:07:53,829 - INFO - 成功生成SVG: D:\project\SVG webui\image_to_svg_project\output_svgs\uu.svg
2024-11-16 17:08:05,921 - INFO - 开始处理: uu.png
2024-11-16 17:08:05,949 - INFO - 成功生成SVG: D:\project\SVG webui\image_to_svg_project\output_svgs\uu.svg
2024-11-16 17:08:19,937 - INFO - 开始处理: uu.png
2024-11-16 17:08:19,958 - INFO - 成功生成SVG: D:\project\SVG webui\image_to_svg_project\output_svgs\uu.svg
2024-11-16 17:22:30,788 - INFO - 开始处理: uu.png
2024-11-16 17:22:30,817 - INFO - 成功生成SVG: D:\project\SVG webui\image_to_svg_project\output_svgs\uu.svg
2024-11-16 17:22:37,633 - INFO - 开始处理: uu.png
2024-11-16 17:22:37,648 - INFO - 成功生成SVG: D:\project\SVG webui\image_to_svg_project\output_svgs\uu.svg
2024-11-16 17:22:48,657 - INFO - 开始处理: uu.png
2024-11-16 17:22:48,680 - INFO - 成功生成SVG: D:\project\SVG webui\image_to_svg_project\output_svgs\uu.svg
2024-11-16 17:23:02,078 - INFO - 开始处理: uu.png
2024-11-16 17:23:02,097 - INFO - 成功生成SVG: D:\project\SVG webui\image_to_svg_project\output_svgs\uu.svg
2024-11-16 17:33:34,375 - INFO - 开始处理: uu.png
2024-11-16 17:33:34,406 - INFO - 成功生成SVG: D:\project\SVG webui\image_to_svg_project\output_svgs\uu.svg
2024-11-16 17:33:47,313 - INFO - 开始处理: uu.png
2024-11-16 17:33:47,337 - INFO - 成功生成SVG: D:\project\SVG webui\image_to_svg_project\output_svgs\uu.svg
2024-11-16 17:33:52,665 - INFO - 开始处理: uu.png
2024-11-16 17:33:52,690 - INFO - 成功生成SVG: D:\project\SVG webui\image_to_svg_project\output_svgs\uu.svg
2024-11-16 17:34:09,206 - INFO - 开始处理: uu.png
2024-11-16 17:34:09,243 - INFO - 成功生成SVG: D:\project\SVG webui\image_to_svg_project\output_svgs\uu.svg
2024-11-16 17:34:29,022 - INFO - 开始处理: uu.png
2024-11-16 17:34:29,055 - INFO - 成功生成SVG: D:\project\SVG webui\image_to_svg_project\output_svgs\uu.svg
2024-11-16 17:34:37,239 - INFO - 开始处理: uu.png
2024-11-16 17:34:37,261 - INFO - 成功生成SVG: D:\project\SVG webui\image_to_svg_project\output_svgs\uu.svg
2024-11-16 17:59:53,071 - INFO - 开始处理: uu.png
2024-11-16 17:59:53,106 - INFO - 成功生成SVG: D:\project\SVG webui\image_to_svg_project\output_svgs\uu.svg
2024-11-16 17:59:53,115 - INFO - 开始处理: _____2024-11-16_175600.png
2024-11-16 17:59:53,149 - INFO - 成功生成SVG: D:\project\SVG webui\image_to_svg_project\output_svgs\_____2024-11-16_175600.svg
2024-11-16 18:00:27,745 - INFO - 开始处理: uu.png
2024-11-16 18:00:27,777 - INFO - 成功生成SVG: D:\project\SVG webui\image_to_svg_project\output_svgs\uu.svg
2024-11-16 18:00:27,795 - INFO - 开始处理: _____2024-11-16_175600.png
2024-11-16 18:00:27,826 - INFO - 成功生成SVG: D:\project\SVG webui\image_to_svg_project\output_svgs\_____2024-11-16_175600.svg
2024-11-16 18:00:33,505 - INFO - 开始处理: uu.png
2024-11-16 18:00:33,547 - INFO - 成功生成SVG: D:\project\SVG webui\image_to_svg_project\output_svgs\uu.svg
2024-11-16 18:00:33,559 - INFO - 开始处理: _____2024-11-16_175600.png
2024-11-16 18:00:33,589 - INFO - 成功生成SVG: D:\project\SVG webui\image_to_svg_project\output_svgs\_____2024-11-16_175600.svg
2024-11-16 18:00:38,563 - INFO - 开始处理: uu.png
2024-11-16 18:00:38,607 - INFO - 成功生成SVG: D:\project\SVG webui\image_to_svg_project\output_svgs\uu.svg
2024-11-16 18:00:38,624 - INFO - 开始处理: _____2024-11-16_175600.png
2024-11-16 18:00:38,660 - INFO - 成功生成SVG: D:\project\SVG webui\image_to_svg_project\output_svgs\_____2024-11-16_175600.svg
2024-11-16 18:00:47,462 - INFO - 开始处理: uu.png
2024-11-16 18:00:47,517 - INFO - 成功生成SVG: D:\project\SVG webui\image_to_svg_project\output_svgs\uu.svg
2024-11-16 18:00:47,530 - INFO - 开始处理: _____2024-11-16_175600.png
2024-11-16 18:00:47,587 - INFO - 成功生成SVG: D:\project\SVG webui\image_to_svg_project\output_svgs\_____2024-11-16_175600.svg
2024-11-16 18:01:01,965 - INFO - 开始处理: uu.png
2024-11-16 18:01:02,018 - INFO - 成功生成SVG: D:\project\SVG webui\image_to_svg_project\output_svgs\uu.svg
2024-11-16 18:01:02,024 - INFO - 开始处理: _____2024-11-16_175600.png
2024-11-16 18:01:02,047 - INFO - 成功生成SVG: D:\project\SVG webui\image_to_svg_project\output_svgs\_____2024-11-16_175600.svg
2024-11-16 18:01:10,906 - INFO - 开始处理: uu.png
2024-11-16 18:01:10,952 - INFO - 成功生成SVG: D:\project\SVG webui\image_to_svg_project\output_svgs\uu.svg
2024-11-16 18:01:10,965 - INFO - 开始处理: _____2024-11-16_175600.png
2024-11-16 18:01:10,993 - INFO - 成功生成SVG: D:\project\SVG webui\image_to_svg_project\output_svgs\_____2024-11-16_175600.svg
2024-11-16 18:01:19,945 - INFO - 开始处理: uu.png
2024-11-16 18:01:19,985 - INFO - 成功生成SVG: D:\project\SVG webui\image_to_svg_project\output_svgs\uu.svg
2024-11-16 18:01:19,997 - INFO - 开始处理: _____2024-11-16_175600.png
2024-11-16 18:01:20,027 - INFO - 成功生成SVG: D:\project\SVG webui\image_to_svg_project\output_svgs\_____2024-11-16_175600.svg
2024-11-16 18:01:28,217 - INFO - 开始处理: uu.png
2024-11-16 18:01:28,256 - INFO - 成功生成SVG: D:\project\SVG webui\image_to_svg_project\output_svgs\uu.svg
2024-11-16 18:01:28,268 - INFO - 开始处理: _____2024-11-16_175600.png
2024-11-16 18:01:28,301 - INFO - 成功生成SVG: D:\project\SVG webui\image_to_svg_project\output_svgs\_____2024-11-16_175600.svg
2024-11-16 18:01:40,526 - INFO - 开始处理: uu.png
2024-11-16 18:01:40,597 - INFO - 成功生成SVG: D:\project\SVG webui\image_to_svg_project\output_svgs\uu.svg
2024-11-16 18:01:40,607 - INFO - 开始处理: _____2024-11-16_175600.png
2024-11-16 18:01:40,631 - INFO - 成功生成SVG: D:\project\SVG webui\image_to_svg_project\output_svgs\_____2024-11-16_175600.svg
2024-11-16 18:02:26,888 - INFO - 开始处理: uu.png
2024-11-16 18:02:26,948 - INFO - 成功生成SVG: D:\project\SVG webui\image_to_svg_project\output_svgs\uu.svg
2024-11-16 18:02:26,966 - INFO - 开始处理: _____2024-11-16_175600.png
2024-11-16 18:02:26,997 - INFO - 成功生成SVG: D:\project\SVG webui\image_to_svg_project\output_svgs\_____2024-11-16_175600.svg
2024-11-16 18:03:24,428 - INFO - 开始处理: uu.png
2024-11-16 18:03:24,475 - INFO - 成功生成SVG: D:\project\SVG webui\image_to_svg_project\output_svgs\uu.svg
2024-11-16 18:03:24,494 - INFO - 开始处理: _____2024-11-16_175600.png
2024-11-16 18:03:24,553 - INFO - 成功生成SVG: D:\project\SVG webui\image_to_svg_project\output_svgs\_____2024-11-16_175600.svg
2024-11-16 18:03:32,582 - INFO - 开始处理: uu.png
2024-11-16 18:03:32,649 - INFO - 成功生成SVG: D:\project\SVG webui\image_to_svg_project\output_svgs\uu.svg
2024-11-16 18:03:32,675 - INFO - 开始处理: _____2024-11-16_175600.png
2024-11-16 18:03:32,704 - INFO - 成功生成SVG: D:\project\SVG webui\image_to_svg_project\output_svgs\_____2024-11-16_175600.svg
2024-11-16 18:03:45,061 - INFO - 开始处理: uu.png
2024-11-16 18:03:45,122 - INFO - 成功生成SVG: D:\project\SVG webui\image_to_svg_project\output_svgs\uu.svg
2024-11-16 18:03:45,145 - INFO - 开始处理: _____2024-11-16_175600.png
2024-11-16 18:03:45,169 - INFO - 成功生成SVG: D:\project\SVG webui\image_to_svg_project\output_svgs\_____2024-11-16_175600.svg
2024-11-16 18:04:02,009 - INFO - 开始处理: uu.png
2024-11-16 18:04:02,064 - INFO - 成功生成SVG: D:\project\SVG webui\image_to_svg_project\output_svgs\uu.svg
2024-11-16 18:04:02,072 - INFO - 开始处理: _____2024-11-16_175600.png
2024-11-16 18:04:02,099 - INFO - 成功生成SVG: D:\project\SVG webui\image_to_svg_project\output_svgs\_____2024-11-16_175600.svg
2024-11-16 19:04:42,231 - INFO - 开始处理: uu.png
2024-11-16 19:04:42,247 - INFO - 成功生成SVG: D:\project\SVG webui\image_to_svg_project\output_svgs\uu.svg
2024-11-16 19:04:42,248 - INFO - 开始处理: _____2024-11-16_175600.png
2024-11-16 19:04:42,258 - INFO - 成功生成SVG: D:\project\SVG webui\image_to_svg_project\output_svgs\_____2024-11-16_175600.svg
2024-11-16 19:04:55,896 - INFO - 开始处理: uu.png
2024-11-16 19:04:55,911 - INFO - 成功生成SVG: D:\project\SVG webui\image_to_svg_project\output_svgs\uu.svg
2024-11-16 19:04:55,911 - INFO - 开始处理: _____2024-11-16_175600.png
2024-11-16 19:04:55,922 - INFO - 成功生成SVG: D:\project\SVG webui\image_to_svg_project\output_svgs\_____2024-11-16_175600.svg
2024-11-16 19:10:20,798 - INFO - 开始处理: uu.png
2024-11-16 19:10:20,825 - INFO - 成功生成SVG: D:\project\SVG webui\image_to_svg_project\output_svgs\uu.svg
2024-11-16 19:10:20,825 - INFO - 开始处理: _____2024-11-16_175600.png
2024-11-16 19:10:20,841 - INFO - 成功生成SVG: D:\project\SVG webui\image_to_svg_project\output_svgs\_____2024-11-16_175600.svg
2024-11-16 19:16:58,944 - INFO - 开始处理: uu.png
2024-11-16 19:16:58,969 - INFO - 成功生成SVG: D:\project\SVG webui\image_to_svg_project\output_svgs\uu.svg
2024-11-16 19:16:58,970 - INFO - 开始处理: _____2024-11-16_175600.png
2024-11-16 19:16:58,980 - INFO - 成功生成SVG: D:\project\SVG webui\image_to_svg_project\output_svgs\_____2024-11-16_175600.svg
2024-11-16 19:20:10,955 - INFO - 开始处理: uu.png
2024-11-16 19:20:10,969 - INFO - 成功生成SVG: D:\project\SVG webui\image_to_svg_project\output_svgs\uu.svg
2024-11-16 19:20:10,970 - INFO - 开始处理: _____2024-11-16_175600.png
2024-11-16 19:20:10,980 - INFO - 成功生成SVG: D:\project\SVG webui\image_to_svg_project\output_svgs\_____2024-11-16_175600.svg
2024-11-16 19:20:28,187 - INFO - 开始处理: uu.png
2024-11-16 19:20:28,202 - INFO - 成功生成SVG: D:\project\SVG webui\image_to_svg_project\output_svgs\uu.svg
2024-11-16 19:20:28,202 - INFO - 开始处理: _____2024-11-16_175600.png
2024-11-16 19:20:28,219 - INFO - 成功生成SVG: D:\project\SVG webui\image_to_svg_project\output_svgs\_____2024-11-16_175600.svg
2024-11-17 02:28:08,066 - INFO - 开始处理: AL5rN1JTX6oAiM9Zb3PFLvqIbyjF3A.png
2024-11-17 02:28:08,395 - INFO - 成功生成SVG: D:\project\SVG webui\image_to_svg_project\output_svgs\AL5rN1JTX6oAiM9Zb3PFLvqIbyjF3A.svg
2024-11-17 02:28:42,176 - INFO - 开始处理: AL5rN1JTX6oAiM9Zb3PFLvqIbyjF3A.png
2024-11-17 02:28:42,290 - INFO - 成功生成SVG: D:\project\SVG webui\image_to_svg_project\output_svgs\AL5rN1JTX6oAiM9Zb3PFLvqIbyjF3A.svg
